Arguments: 
  D:\Program Files\nodejs\node.exe C:\Users\hwf\AppData\Roaming\npm\node_modules\yarn\bin\yarn.js publish

PATH: 
  C:\Program Files (x86)\Common Files\Oracle\Java\javapath;d:\Program Files\ImageMagick-7.0.11-Q16-HDRI;C:\Windows\system32;C:\Windows;C:\Windows\System32\Wbem;C:\Windows\System32\WindowsPowerShell\v1.0\;C:\Windows\System32\OpenSSH\;C:\Program Files (x86)\NVIDIA Corporation\PhysX\Common;C:\Program Files\NVIDIA Corporation\NVIDIA NvDLISR;D:\Program Files\PowerShell\7-preview\preview;d:\Program Files\Git\cmd;C:\Program Files\dotnet\;D:\Program Files\nodejs\;C:\Program Files\Docker\Docker\resources\bin;C:\ProgramData\DockerDesktop\version-bin;d:\Program Files (x86)\Gpg4win\..\GnuPG\bin;C:\Program Files\MySQL\MySQL Shell 8.0\bin\;D:\Program Files\Python\Python39;D:\Program Files\Python\Python39\Scripts;C:\Users\hwf\AppData\Local\Microsoft\WindowsApps;D:\Program Files\Microsoft VS Code\bin;C:\Users\hwf\.dotnet\tools;C:\Users\hwf\AppData\Roaming\npm;D:\AndroidSDK\tools;D:\AndroidSDK\platform-tools;D:\Program Files\apktool;D:\Program Files\Java\jdk1.8.0_291\bin;D:\Program Files\sqlite-tools-win32-x86-3350500;C:\Program Files\MySQL\MySQL Server 8.0\bin;D:\AndroidSDK\build-tools\29.0.2;D:\Program Files\OpenSSL-Win64\bin;D:\Yarn\node_modules\.bin;C:\Users\hwf\AppData\Local\Yarn\bin;D:\source\flutter\bin

Yarn version: 
  1.22.10

Node version: 
  14.16.1

Platform: 
  win32 x64

Trace: 
  Error: canceled
      at Interface.<anonymous> (C:\Users\hwf\AppData\Roaming\npm\node_modules\yarn\lib\cli.js:136216:13)
      at Interface.emit (events.js:315:20)
      at Interface._ttyWrite (readline.js:875:16)
      at ReadStream.onkeypress (readline.js:213:10)
      at ReadStream.emit (events.js:315:20)
      at emitKeys (internal/readline/utils.js:345:14)
      at emitKeys.next (<anonymous>)
      at ReadStream.onData (readline.js:1144:36)
      at ReadStream.emit (events.js:315:20)
      at addChunk (internal/streams/readable.js:309:12)

npm manifest: 
  {
    "name": "js_ex",
    "version": "1.0.1",
    "description": "js extensions",
    "main": "src/index.js",
    "scripts": {
      "test": "echo \"Error: no test specified\" && exit 1"
    },
    "author": "",
    "license": "ISC"
  }

yarn manifest: 
  No manifest

Lockfile: 
  No lockfile
